#Network|Station|Latitude|Longitude|Elevation|SiteName|StartTime|EndTime
AM|R00B9|-43.52252252|172.6096014|14.0|Raspberry Shake Citizen Science Station|2017-01-31T07:01:13.001|2019-12-08T17:00:09.369
AM|R00B9|-43.52252252|172.6098876|14.0|Raspberry Shake Citizen Science Station|2019-12-08T21:03:32.265|
AM|R00DB|9.90990991|-84.02111072|1229.0|Raspberry Shake Citizen Science Station|2019-10-07T18:52:02.593|2019-10-09T17:00:04.747
AM|R00DB|9.927927928|-84.05273158|1195.0|Raspberry Shake Citizen Science Station|2019-10-18T03:15:11.796|2019-10-20T17:00:05.754
AM|R01F1|33.90990991|-117.9217763|96.0|Raspberry Shake Citizen Science Station|2017-08-04T17:53:00.001|2019-11-21T17:00:07.333
AM|R01F1|33.84684685|-117.9546851|41.0|Raspberry Shake Citizen Science Station|2019-12-22T19:29:03.628|
AM|R023E|28.23423423|83.41682908|1320.0|Raspberry Shake Citizen Science Station|2019-09-02T03:16:52.307|
AM|R02DC|61.1981982|-149.9550753|20.0|Raspberry Shake Citizen Science Station|2016-12-06T23:37:21.001|
AM|R02DD|35.01801802|-97.3611881|346.0|Raspberry Shake Citizen Science Station|2019-08-23T14:52:40.37|
AM|R038C|52.54954955|13.18847046|34.0|Raspberry Shake Citizen Science Station|2017-01-26T18:44:03.001|
AM|R0461|36.36036036|-95.89259528|198.0|Raspberry Shake Citizen Science Station|2020-01-27T03:33:45.515|
AM|R04F3|57.76576577|12.26339559|20.0|Raspberry Shake Citizen Science Station|2017-01-30T19:39:38.001|
AM|R0589|51.38738739|1.414833979|24.0|Raspberry Shake Citizen Science Station|2019-07-11T18:05:56.646|
AM|R06CD|-17.56756757|-149.5706608|312.0|Raspberry Shake Citizen Science Station|2019-06-07T21:19:26.192|
AM|R07EB|38.87387387|-77.2746976|134.0|Raspberry Shake Citizen Science Station|2019-09-07T01:10:16.205|2019-12-24T17:00:09.989
AM|R09BD|52.18018018|0.1175416191|23.0|Raspberry Shake Citizen Science Station|2019-09-29T13:35:01.875|2019-10-02T17:06:34.246
AM|R09BD|52.18018018|0.1175416191|23.0|Raspberry Shake Citizen Science Station|2019-10-11T09:07:23.28|2019-11-02T17:00:07.97
AM|R0B29|47.79279279|-3.701632191|39.0|Raspberry Shake Citizen Science Station|2018-01-20T14:05:14.001|
AM|R0C26|38.68468468|-77.9987358|161.0|Raspberry Shake Citizen Science Station|2019-12-19T00:44:31.541|2019-12-19T20:12:10.257
AM|R0C26|38.68468468|-77.99644657|173.0|Raspberry Shake Citizen Science Station|2019-12-19T20:12:10.258|
AM|R0DB7|53.16216216|8.640712754|24.0|Raspberry Shake Citizen Science Station|2019-11-26T13:03:35.61|
AM|R0F05|52.40540541|13.01181542|42.0|Raspberry Shake Citizen Science Station|2016-12-02T16:47:14.001|2019-12-06T17:16:24.956
AM|R0F05|52.40540541|13.01178591|42.0|Raspberry Shake Citizen Science Station|2019-12-06T17:16:24.957|2020-01-25T20:27:02.098
AM|R0F05|52.40540541|13.01178591|53.0|Raspberry Shake Citizen Science Station|2020-01-25T20:27:02.099|
AM|R0F1A|29.59459459|-95.56960457|27.0|Raspberry Shake Citizen Science Station|2019-09-20T10:17:16.437|2019-10-12T17:00:05.497
AM|R0F1A|29.59459459|-95.56960457|27.0|Raspberry Shake Citizen Science Station|2019-10-20T00:01:16.688|
AM|R0F60|35.92792793|-98.42065558|454.0|Raspberry Shake Citizen Science Station|2019-06-12T16:01:21.077|
AM|R10DC|42.27027027|-83.73515475|283.0|Raspberry Shake Citizen Science Station|2016-11-25T16:25:58.001|
AM|R1108|-33.42342342|-70.60538723|630.0|Raspberry Shake Citizen Science Station|2017-01-08T22:57:04.001|
AM|R11D5|42.47747748|-71.24162397|69.0|Raspberry Shake Citizen Science Station|2016-12-07T02:51:49.001|2019-09-28T17:00:06.853
AM|R11D5|42.47747748|-71.24162397|69.0|Raspberry Shake Citizen Science Station|2019-09-29T16:05:22.448|2019-10-01T17:00:06.014
AM|R13D2|19.27027027|-81.3039214|8.0|Raspberry Shake Citizen Science Station|2019-05-30T22:49:41.016|
AM|R1607|52.3963964|13.03703891|35.0|Raspberry Shake Citizen Science Station|2019-09-27T05:10:49.502|2019-09-29T17:00:08.08
AM|R1607|52.3963964|13.03703891|35.0|Raspberry Shake Citizen Science Station|2019-10-05T14:15:10.931|2019-12-25T17:00:13.309
AM|R1646|6.243243243|-75.61063284|1628.0|Raspberry Shake Citizen Science Station|2019-05-20T15:44:58.205|2019-11-24T17:00:08.159
AM|R1646|6.243243243|-75.61063284|1628.0|Raspberry Shake Citizen Science Station|2019-12-12T21:24:56.501|
AM|R16B3|41.64864865|13.09496827|796.0|Raspberry Shake Citizen Science Station|2017-08-30T08:24:50.001|
AM|R16F7|38.08108108|-122.1422797|69.0|Raspberry Shake Citizen Science Station|2019-10-11T17:55:34.863|2019-10-11T18:07:34.88
AM|R16F7|42.27927928|-71.52625544|97.5|Raspberry Shake Citizen Science Station|2019-10-11T18:07:34.881|
AM|R1B21|21.92792793|-102.3144309|1863.0|Raspberry Shake Citizen Science Station|2020-01-21T19:48:29.365|
AM|R1B9F|52.65765766|-0.5941945266|63.0|Raspberry Shake Citizen Science Station|2019-08-27T13:56:16.688|
AM|R1F0E|54.79279279|-1.562790508|85.0|Raspberry Shake Citizen Science Station|2017-07-23T16:32:46.001|2019-10-19T17:00:07.501
AM|R1F0E|54.79279279|-1.562786642|86.0|Raspberry Shake Citizen Science Station|2019-10-30T20:18:08.514|2019-10-30T20:20:12.179
AM|R1F0E|54.79279279|-1.562786642|90.0|Raspberry Shake Citizen Science Station|2019-10-30T20:20:12.18|
AM|R2026|35.89189189|-95.00051327|240.0|Raspberry Shake Citizen Science Station|2017-09-28T17:06:08.001|
AM|R206B|44.06306306|-121.2943994|1100.0|Raspberry Shake Citizen Science Station|2019-05-20T21:25:17.987|2020-02-03T13:17:09.394
AM|R206B|44.06306306|-121.2878036|1112.0|Raspberry Shake Citizen Science Station|2020-02-03T13:17:09.395|
AM|R21B0|13.13513514|-59.63403184|34.0|Raspberry Shake Citizen Science Station|2019-08-21T12:46:25.114|2019-10-24T17:00:07.043
AM|R21B0|13.13513514|-59.63403184|34.0|Raspberry Shake Citizen Science Station|2019-10-25T14:25:53.118|
AM|R21C9|40.14414414|-82.99819002|293.0|Raspberry Shake Citizen Science Station|2016-12-08T20:03:54.001|
AM|R2264|37.45045045|-122.1878984|21.0|Raspberry Shake Citizen Science Station|2019-01-03T03:40:21.001|2019-12-30T17:00:10.732
AM|R2264|37.45045045|-122.1878984|21.0|Raspberry Shake Citizen Science Station|2020-02-04T20:17:40.059|
AM|R2285|33.78378378|-118.3625241|205.0|Raspberry Shake Citizen Science Station|2019-08-22T21:05:40.662|
AM|R23CC|34.05405405|-117.9215762|127.0|Raspberry Shake Citizen Science Station|2019-08-23T23:24:36.572|2020-01-17T17:00:12.074
AM|R23CC|34.05405405|-117.9217153|124.0|Raspberry Shake Citizen Science Station|2020-01-27T21:33:05.866|
AM|R2625|38.8018018|-119.7998266|1739.0|Raspberry Shake Citizen Science Station|2019-11-12T17:05:21.81|
AM|R269B|34.26126126|-98.23070104|308.0|Raspberry Shake Citizen Science Station|2019-11-01T16:17:25.881|2019-11-09T17:00:07.543
AM|R269B|34.26126126|-98.23070104|308.0|Raspberry Shake Citizen Science Station|2020-02-03T14:32:21.062|
AM|R26C6|41.28828829|-81.75741679|269.0|Raspberry Shake Citizen Science Station|2016-12-06T00:56:04.001|2020-01-06T17:00:13.405
AM|R2715|40.59459459|-74.51241382|94.0|Raspberry Shake Citizen Science Station|2016-12-02T18:31:35.001|
AM|R27F1|8.810810811|-82.60648657|1655.0|Raspberry Shake Citizen Science Station|2017-09-26T23:32:52.001|2019-12-01T17:00:09.464
AM|R2930|20.68468468|-100.4610203|1915.0|Raspberry Shake Citizen Science Station|2019-11-26T00:25:59.917|
AM|R2964|-33.79279279|150.740426|50.0|Raspberry Shake Citizen Science Station|2017-02-21T06:22:45.001|2019-11-28T17:00:09.318
AM|R2964|-33.79279279|150.740426|50.0|Raspberry Shake Citizen Science Station|2019-11-29T04:35:03.699|
AM|R2999|41.82882883|12.88888997|416.0|Raspberry Shake Citizen Science Station|2017-04-04T12:49:59.001|
AM|R29F2|37.36036036|-122.1013704|82.0|Raspberry Shake Citizen Science Station|2019-09-17T11:34:39.978|2019-10-22T17:00:06.604
AM|R29F2|37.36036036|-122.1013704|82.0|Raspberry Shake Citizen Science Station|2019-11-04T18:01:15.989|
AM|R2AB8|43.72972973|-79.39690758|170.0|Raspberry Shake Citizen Science Station|2019-06-19T13:23:21.989|2019-10-26T17:00:08.41
AM|R2AB8|43.72972973|-79.39690758|170.0|Raspberry Shake Citizen Science Station|2019-12-08T19:00:45.539|
AM|R2B98|51.11711712|-114.2146055|1171.0|Raspberry Shake Citizen Science Station|2019-08-25T05:58:26.107|
AM|R2CB0|53.52252252|10.12485344|12.0|Raspberry Shake Citizen Science Station|2018-07-07T11:35:00.001|2019-12-09T17:00:09.548
AM|R2CB0|53.52252252|10.12485344|12.0|Raspberry Shake Citizen Science Station|2019-12-11T22:31:06.207|
AM|R2D21|35.98198198|-114.9304255|722.0|Raspberry Shake Citizen Science Station|2017-06-07T20:39:04.001|
AM|R2DD9|-19.91891892|-43.9270809|876.0|Raspberry Shake Citizen Science Station|2019-08-12T15:45:24.998|2019-10-17T17:00:07.669
AM|R2DD9|-19.91891892|-43.9270809|876.0|Raspberry Shake Citizen Science Station|2019-12-18T15:47:45.69|2020-01-09T17:00:11.929
AM|R2DD9|-19.91891892|-43.9270809|876.0|Raspberry Shake Citizen Science Station|2020-02-01T14:57:45.174|
AM|R2E1D|35.6036036|-97.61942396|507.0|Raspberry Shake Citizen Science Station|2019-08-09T14:16:05.255|
AM|R30A6|33.45945946|-117.5916372|120.0|Raspberry Shake Citizen Science Station|2018-03-17T17:43:08.001|2019-11-22T17:00:10.8
AM|R30A6|33.45945946|-117.5916372|120.0|Raspberry Shake Citizen Science Station|2019-12-20T08:15:16.922|2020-01-07T17:00:11.437
AM|R30A6|33.45945946|-117.5916372|120.0|Raspberry Shake Citizen Science Station|2020-01-16T02:27:35.362|
AM|R33DE|38.1981982|-85.77760691|140.0|Raspberry Shake Citizen Science Station|2019-04-12T18:45:00.677|2020-01-30T00:34:33.424
AM|R33DE|38.1981982|-85.76578895|138.0|Raspberry Shake Citizen Science Station|2020-01-30T00:34:33.425|
AM|R3415|37.67567568|-122.0089124|127.0|Raspberry Shake Citizen Science Station|2019-06-27T05:04:57.495|
AM|R351D|-41.31531532|173.065991|82.0|Raspberry Shake Citizen Science Station|2017-04-04T09:55:19.001|2019-11-11T17:00:10.259
AM|R351D|-41.31531532|173.065991|82.0|Raspberry Shake Citizen Science Station|2019-11-23T13:03:16.287|
AM|R35C7|34.0990991|-117.7162852|380.0|Raspberry Shake Citizen Science Station|2016-12-29T20:50:49.001|
AM|R35E7|44.48648649|-90.93638128|322.0|Raspberry Shake Citizen Science Station|2017-12-17T05:21:36.001|
AM|R3605|50.82882883|4.407545351|1113.0|Raspberry Shake Citizen Science Station|2019-09-16T14:57:41.127|2019-12-13T17:00:10.486
AM|R3605|50.82882883|4.407545351|1113.0|Raspberry Shake Citizen Science Station|2019-12-15T11:52:46.249|
AM|R368D|51.32432432|12.60187621|145.0|Raspberry Shake Citizen Science Station|2019-09-27T07:15:10.957|2019-10-12T17:00:07.421
AM|R368D|51.32432432|12.60187621|145.0|Raspberry Shake Citizen Science Station|2019-10-30T09:11:07.041|
AM|R36E7|48.72972973|2.704706081|105.0|Raspberry Shake Citizen Science Station|2019-04-22T18:26:47.913|
AM|R3756|-33.81081081|151.1311275|22.0|Raspberry Shake Citizen Science Station|2019-09-18T10:42:26.296|
AM|R37BE|28.05405405|-82.40747028|19.0|Raspberry Shake Citizen Science Station|2019-12-18T01:56:15.828|2019-12-18T02:10:33.676
AM|R37BE|28.05405405|-82.39726123|17.0|Raspberry Shake Citizen Science Station|2019-12-18T02:10:33.677|
AM|R37E2|41.0|-91.15102488|230.0|Raspberry Shake Citizen Science Station|2018-03-03T22:56:48.001|
AM|R3930|36.93693694|127.0544549|16.0|Raspberry Shake Citizen Science Station|2017-07-28T05:47:40.001|
AM|R3945|56.26126126|12.86308472|26.0|Raspberry Shake Citizen Science Station|2019-12-27T10:30:15.424|2020-01-03T17:00:12.876
AM|R3967|-41.54054054|173.8792775|52.0|Raspberry Shake Citizen Science Station|2016-12-08T23:23:03.001|
AM|R3993|59.46846847|18.30333844|14.0|Raspberry Shake Citizen Science Station|2017-06-06T15:19:46.001|
AM|R39DB|3.648648649|-76.56071323|1580.0|Raspberry Shake Citizen Science Station|2019-08-01T20:05:28.033|2019-10-13T17:00:09.872
AM|R39DB|3.648648649|-76.56071323|1580.0|Raspberry Shake Citizen Science Station|2019-10-17T18:52:32.57|2019-11-11T17:00:11.451
AM|R39DB|3.648648649|-76.56071323|1580.0|Raspberry Shake Citizen Science Station|2019-11-11T22:00:24.176|
AM|R39EA|39.53153153|-119.8825551|1521.0|Raspberry Shake Citizen Science Station|2017-08-11T19:33:27.001|
AM|R3A31|35.92792793|-78.60931435|102.0|Raspberry Shake Citizen Science Station|2016-12-05T14:31:49.001|2019-12-24T17:00:11.254
AM|R3A31|35.92792793|-78.60931435|102.0|Raspberry Shake Citizen Science Station|2019-12-26T19:23:00.974|2019-12-26T21:24:10.664
AM|R3A31|32.42342342|-85.40831226|144.0|Raspberry Shake Citizen Science Station|2019-12-26T21:24:10.665|2019-12-26T21:34:16.411
AM|R3A31|35.77477477|-78.63383868|100.0|Raspberry Shake Citizen Science Station|2019-12-26T21:34:16.412|2019-12-26T22:05:22.761
AM|R3A31|35.92792793|-78.60911546|103.0|Raspberry Shake Citizen Science Station|2019-12-26T22:05:22.762|2019-12-26T22:13:43.826
AM|R3A31|35.92792793|-78.60911546|103.0|Raspberry Shake Citizen Science Station|2019-12-26T22:13:43.827|
AM|R3BFD|40.48648649|-86.91324104|201.0|Raspberry Shake Citizen Science Station|2016-12-27T21:50:39.001|
AM|R3CED|45.38738739|-75.70502958|82.0|Raspberry Shake Citizen Science Station|2017-04-25T02:39:23.001|
AM|R3D3B|12.27027027|122.040246|39.0|Raspberry Shake Citizen Science Station|2019-07-14T11:07:46.658|2019-12-04T17:00:11.16
AM|R3D3B|12.27027027|122.040246|39.0|Raspberry Shake Citizen Science Station|2019-12-05T18:24:03.27|2019-12-24T00:37:55.735
AM|R3D3B|12.27927928|122.0444171|39.0|Raspberry Shake Citizen Science Station|2019-12-24T00:37:55.736|2019-12-26T17:00:14.564
AM|R3D3B|12.27927928|122.0444171|39.0|Raspberry Shake Citizen Science Station|2019-12-27T07:12:37.624|2020-01-15T17:00:12.956
AM|R3D3B|12.27927928|122.0444171|39.0|Raspberry Shake Citizen Science Station|2020-01-18T02:48:29.294|
AM|R3F39|36.36936937|-99.6239709|655.0|Raspberry Shake Citizen Science Station|2018-04-29T03:12:37.001|2019-10-28T17:00:09.202
AM|R3F39|36.36936937|-99.6239709|655.0|Raspberry Shake Citizen Science Station|2019-10-29T13:51:42.61|2019-11-02T17:00:14.313
AM|R3F39|36.36936937|-99.6239709|655.0|Raspberry Shake Citizen Science Station|2019-11-04T18:10:30.397|2019-11-29T17:00:15.449
AM|R3F39|36.36936937|-99.6239709|655.0|Raspberry Shake Citizen Science Station|2019-12-02T14:06:34.626|2020-01-10T22:54:00.993
AM|R3F39|36.34234234|-99.63103334|665.0|Raspberry Shake Citizen Science Station|2020-01-10T22:54:00.994|
AM|R3F3B|47.16216216|-113.407587|1529.0|Raspberry Shake Citizen Science Station|2017-07-05T11:21:56.001|
AM|R3F74|50.22522523|18.98259262|278.0|Raspberry Shake Citizen Science Station|2019-09-25T22:43:34.885|2019-09-26T17:00:07.962
AM|R3F74|50.22522523|18.98259262|278.0|Raspberry Shake Citizen Science Station|2019-09-29T00:17:42.68|2019-10-03T17:00:09.38
AM|R3F74|50.22522523|18.98259262|278.0|Raspberry Shake Citizen Science Station|2019-10-05T14:11:34.487|2019-10-07T17:00:07.818
AM|R3F74|50.22522523|18.98259262|278.0|Raspberry Shake Citizen Science Station|2019-11-11T13:22:20.215|2019-11-14T17:00:09.378
AM|R3F74|50.22522523|18.98259262|278.0|Raspberry Shake Citizen Science Station|2020-01-02T11:28:58.816|2020-01-05T17:00:12.415
AM|R3FD8|52.22522523|-2.735556079|96.0|Raspberry Shake Citizen Science Station|2017-11-23T13:16:55.001|
AM|R404C|42.32432432|-71.39926849|61.0|Raspberry Shake Citizen Science Station|2017-01-09T01:36:31.001|
AM|R41D6|48.6036036|7.793599892|138.0|Raspberry Shake Citizen Science Station|2019-06-24T14:44:14.192|
AM|R42BF|64.10810811|-21.8745414|35.0|Raspberry Shake Citizen Science Station|2017-03-17T06:53:26.001|
AM|R433E|25.03603604|121.6097987|36.0|Raspberry Shake Citizen Science Station|2019-12-03T05:44:45.058|2019-12-05T17:00:11.393
AM|R433E|25.03603604|121.6097987|36.0|Raspberry Shake Citizen Science Station|2019-12-16T04:07:59.119|
AM|R440A|51.44144144|-2.544280794|32.0|Raspberry Shake Citizen Science Station|2019-07-29T19:50:00.204|
AM|R4495|34.88288288|-95.51378244|224.0|Raspberry Shake Citizen Science Station|2019-07-01T20:51:29.438|2020-01-15T17:00:14.054
AM|R4495|34.88288288|-95.51378244|224.0|Raspberry Shake Citizen Science Station|2020-02-07T00:46:20.191|
AM|R44D6|58.83783784|5.728657851|34.0|Raspberry Shake Citizen Science Station|2017-01-04T21:31:26.001|
AM|R4506|51.74774775|-0.4511536393|138.0|Raspberry Shake Citizen Science Station|2019-11-10T14:04:51.296|2019-11-10T19:52:27.941
AM|R4506|51.53153153|-2.38955212|100.0|Raspberry Shake Citizen Science Station|2019-11-10T19:52:27.942|2019-11-12T17:00:09.822
AM|R4506|51.53153153|-2.38955212|100.0|Raspberry Shake Citizen Science Station|2019-12-06T18:43:03.556|
AM|R459C|52.87387387|-1.074805898|67.0|Raspberry Shake Citizen Science Station|2019-09-26T07:50:21.324|
AM|R461D|48.69369369|7.780488118|139.0|Raspberry Shake Citizen Science Station|2019-07-10T12:27:03.052|2019-12-07T17:00:11.753
AM|R461D|48.69369369|7.780488118|139.0|Raspberry Shake Citizen Science Station|2019-12-13T15:58:38.837|2019-12-13T17:00:11.554
AM|R461D|48.69369369|7.780488118|139.0|Raspberry Shake Citizen Science Station|2019-12-25T15:32:14.855|
AM|R4715|14.26126126|120.9164341|191.0|Raspberry Shake Citizen Science Station|2017-03-15T13:52:06.001|
AM|R4738|49.24324324|-122.557717|105.0|Raspberry Shake Citizen Science Station|2017-01-14T06:10:16.001|
AM|R475A|51.48648649|-3.226787639|34.0|Raspberry Shake Citizen Science Station|2019-10-07T14:03:11.933|
AM|R47B7|51.65765766|6.738525915|31.0|Raspberry Shake Citizen Science Station|2017-05-27T08:57:52.001|
AM|R4866|37.36036036|-122.0269038|34.0|Raspberry Shake Citizen Science Station|2019-09-07T20:06:32.288|
AM|R49A5|51.38738739|5.558118431|24.0|Raspberry Shake Citizen Science Station|2017-05-21T09:55:53.001|2019-11-30T17:00:09.951
AM|R4A29|37.98198198|-91.5356347|245.0|Raspberry Shake Citizen Science Station|2017-06-02T19:59:28.001|
AM|R4B80|37.27027027|-122.0553551|229.0|Raspberry Shake Citizen Science Station|2016-12-13T11:24:12.001|2019-12-02T17:00:11.83
AM|R4B80|37.27027027|-122.0553551|229.0|Raspberry Shake Citizen Science Station|2019-12-17T18:42:51.643|
AM|R4C1A|33.89189189|-94.81668204|150.0|Raspberry Shake Citizen Science Station|2019-09-23T18:43:26.491|
AM|R4C90|40.68468468|141.3562024|44.0|Raspberry Shake Citizen Science Station|2019-09-16T00:03:52.562|
AM|R4E5D|40.72972973|-84.02578061|294.0|Raspberry Shake Citizen Science Station|2017-05-25T14:46:18.001|
AM|R4E74|21.92792793|-102.3144309|1863.0|Raspberry Shake Citizen Science Station|2019-07-30T19:37:11.729|2019-11-09T17:00:12.368
AM|R4E74|21.92792793|-102.3144309|1863.0|Raspberry Shake Citizen Science Station|2019-11-13T04:21:14.291|
AM|R4E78|-37.04504505|142.7791284|261.0|Raspberry Shake Citizen Science Station|2017-02-08T13:40:31.001|
AM|R4F51|53.05405405|-2.518228931|40.0|Raspberry Shake Citizen Science Station|2019-08-04T08:42:04.25|
AM|R4F7E|-27.53153153|153.1962812|27.0|Raspberry Shake Citizen Science Station|2019-05-26T22:55:22.127|2019-11-02T17:00:15.818
AM|R4F7E|-27.53153153|153.1962812|27.0|Raspberry Shake Citizen Science Station|2019-12-03T03:55:36.122|
AM|R4F95|-45.81981982|170.5527298|287.0|Raspberry Shake Citizen Science Station|2019-09-26T09:52:23.728|2019-10-30T17:00:10.747
AM|R52BF|47.72972973|-121.9733417|79.0|Raspberry Shake Citizen Science Station|2019-09-08T19:14:25.562|
AM|R5413|21.97297297|96.09230573|97.0|Raspberry Shake Citizen Science Station|2019-05-16T07:39:29.448|
AM|R548A|41.85585586|12.60475574|65.0|Raspberry Shake Citizen Science Station|2019-08-26T07:36:26.245|
AM|R550B|43.63963964|-79.39400533|-32768.0|Raspberry Shake Citizen Science Station|2019-06-10T13:50:16.998|
AM|R5661|4.648648649|-74.04571098|2620.0|Raspberry Shake Citizen Science Station|2017-01-08T14:56:00.001|
AM|R5663|37.7027027|-121.4225699|36.0|Raspberry Shake Citizen Science Station|2017-09-29T21:22:46.001|
AM|R57B6|52.07207207|5.101105503|-2.0|Raspberry Shake Citizen Science Station|2017-03-17T12:52:58.001|2019-10-13T17:00:11.931
AM|R57B6|52.07207207|5.101105503|-2.0|Raspberry Shake Citizen Science Station|2019-11-05T13:52:21.207|
AM|R57C7|45.36936937|6.347954137|1335.0|Raspberry Shake Citizen Science Station|2019-07-18T16:38:52.725|
AM|R58D8|39.03603604|-77.06706225|105.0|Raspberry Shake Citizen Science Station|2019-04-29T00:53:07.589|
AM|R5966|52.3963964|13.03795485|33.0|Raspberry Shake Citizen Science Station|2019-03-29T09:58:46.496|
AM|R5982|51.37837838|-0.3897109218|14.0|Raspberry Shake Citizen Science Station|2019-07-10T20:16:58.85|2019-12-22T17:00:16.141
AM|R5982|51.37837838|-0.3897109218|14.0|Raspberry Shake Citizen Science Station|2019-12-31T16:29:39.184|
AM|R59E2|41.37837838|2.11330038|71.0|Raspberry Shake Citizen Science Station|2019-04-03T11:58:02.991|2019-11-22T09:05:43.283
AM|R59E2|41.37837838|2.125258743|50.0|Raspberry Shake Citizen Science Station|2019-11-22T09:05:43.284|
AM|R5A78|20.21621622|-155.8077563|300.0|Raspberry Shake Citizen Science Station|2019-10-25T16:17:40.628|2019-11-05T17:00:08.972
AM|R5A78|20.21621622|-155.8077563|300.0|Raspberry Shake Citizen Science Station|2019-11-06T19:24:57.694|
AM|R5B7D|48.27927928|14.29718894|265.0|Raspberry Shake Citizen Science Station|2019-10-22T09:16:01.187|2019-11-24T17:00:13.095
AM|R5B7D|48.27927928|14.29718894|265.0|Raspberry Shake Citizen Science Station|2019-12-11T14:19:27.436|2019-12-15T17:00:17.355
AM|R5B7D|48.27927928|14.29718894|265.0|Raspberry Shake Citizen Science Station|2019-12-16T07:51:39.349|2019-12-22T17:00:17.251
AM|R5B7D|48.27927928|14.29718894|265.0|Raspberry Shake Citizen Science Station|2019-12-25T15:09:12.627|2019-12-27T17:00:13.14
AM|R5B7D|48.27927928|14.29718894|265.0|Raspberry Shake Citizen Science Station|2019-12-30T08:16:26.367|2019-12-30T12:52:38.12
AM|R5B7D|48.24324324|14.2995882|258.0|Raspberry Shake Citizen Science Station|2019-12-30T12:52:38.121|2020-01-06T17:00:16.221
AM|R5C08|64.79279279|-147.9870903|307.0|Raspberry Shake Citizen Science Station|2016-12-10T06:25:22.001|
AM|R5C27|-37.18018018|174.9880465|214.0|Raspberry Shake Citizen Science Station|2019-07-26T06:59:36.347|2019-11-26T17:00:13.339
AM|R5C27|-37.18018018|174.9880465|214.0|Raspberry Shake Citizen Science Station|2019-11-29T05:51:20.59|
AM|R5C51|55.6036036|13.01415757|4.0|Raspberry Shake Citizen Science Station|2019-09-30T20:47:12.931|2020-01-08T17:00:12.947
AM|R5C51|55.6036036|13.01415757|4.0|Raspberry Shake Citizen Science Station|2020-01-10T20:01:35.716|
AM|R5DFC|25.04504505|121.5603478|16.0|Raspberry Shake Citizen Science Station|2019-04-23T12:53:38.041|2020-01-23T11:03:48.419
AM|R5DFC|25.04504505|121.5601495|16.0|Raspberry Shake Citizen Science Station|2020-01-23T11:03:48.42|
AM|R5E0E|36.96396396|-122.045594|63.0|Raspberry Shake Citizen Science Station|2019-12-15T21:31:12.543|2019-12-22T17:00:19.779
AM|R5E0E|36.96396396|-122.045594|63.0|Raspberry Shake Citizen Science Station|2019-12-22T23:32:06.434|2019-12-26T17:00:15.698
AM|R5E0E|36.96396396|-122.045594|63.0|Raspberry Shake Citizen Science Station|2019-12-26T20:21:22.152|
AM|R5E0F|34.44144144|-119.6733651|218.0|Raspberry Shake Citizen Science Station|2016-12-22T22:51:39.001|
AM|R5ECB|19.72072072|-155.0690721|4.0|Raspberry Shake Citizen Science Station|2020-01-03T02:44:56.46|
AM|R5F74|50.93693694|7.277145275|168.0|Raspberry Shake Citizen Science Station|2019-06-12T11:33:10.157|
AM|R5F75|38.35135135|-122.2220274|310.0|Raspberry Shake Citizen Science Station|2016-12-05T18:50:47.001|2019-10-11T17:00:07.672
AM|R5F75|38.35135135|-122.2220274|310.0|Raspberry Shake Citizen Science Station|2019-10-11T17:19:11.539|
AM|R5FBE|47.33333333|-1.515476137|16.0|Raspberry Shake Citizen Science Station|2019-09-23T14:59:05.823|
AM|R5FDD|-41.53153153|173.9473305|15.0|Raspberry Shake Citizen Science Station|2017-04-15T23:03:06.001|
AM|R6294|47.73873874|-122.492005|66.0|Raspberry Shake Citizen Science Station|2018-03-05T01:41:31.001|
AM|R632B|42.63063063|-71.48084442|86.0|Raspberry Shake Citizen Science Station|2019-06-09T15:11:48.478|2019-11-22T17:00:13.809
AM|R632B|42.63063063|-71.48084442|86.0|Raspberry Shake Citizen Science Station|2019-11-27T10:02:03.287|2019-12-01T17:00:10.709
AM|R632B|42.63063063|-71.48084442|86.0|Raspberry Shake Citizen Science Station|2019-12-03T01:15:06.919|2019-12-09T17:00:10.721
AM|R632B|42.63063063|-71.48084442|86.0|Raspberry Shake Citizen Science Station|2019-12-12T23:20:01.363|2019-12-16T17:00:11.614
AM|R632B|42.63063063|-71.48118903|89.0|Raspberry Shake Citizen Science Station|2019-12-18T01:45:00.517|
AM|R6336|35.58558559|139.5938554|50.0|Raspberry Shake Citizen Science Station|2018-02-11T14:57:05.001|2019-11-16T17:00:10.242
AM|R6336|35.58558559|139.5938554|50.0|Raspberry Shake Citizen Science Station|2020-01-05T11:59:22.753|
AM|R6418|35.3963964|-97.56879685|396.0|Raspberry Shake Citizen Science Station|2019-06-06T21:03:00.116|
AM|R651D|47.85585586|12.13825822|475.0|Raspberry Shake Citizen Science Station|2019-05-20T14:03:38.637|
AM|R653E|50.32432432|7.211024196|209.0|Raspberry Shake Citizen Science Station|2017-12-01T13:19:12.001|
AM|R655B|47.9009009|15.92672006|464.0|Raspberry Shake Citizen Science Station|2019-05-17T10:00:12.428|
AM|R65F1|63.41441441|10.38869365|45.0|Raspberry Shake Citizen Science Station|2017-12-20T12:04:29.001|
AM|R6673|48.06306306|10.98725662|653.0|Raspberry Shake Citizen Science Station|2019-10-06T12:20:51.951|
AM|R6795|52.26126126|4.96107335|2.0|Raspberry Shake Citizen Science Station|2017-03-10T13:28:01.001|
AM|R6924|53.2972973|5.035085247|3.0|Raspberry Shake Citizen Science Station|2017-05-06T15:01:14.001|
AM|R69C1|48.40540541|7.34277732|794.0|Raspberry Shake Citizen Science Station|2019-09-03T07:51:02.302|
AM|R6A6F|50.09009009|-125.1861463|30.0|Raspberry Shake Citizen Science Station|2017-04-02T22:08:07.001|
AM|R6A8C|40.11711712|-83.06599989|271.0|Raspberry Shake Citizen Science Station|2017-06-28T01:28:56.001|2020-01-02T17:00:14.468
AM|R6A8C|40.11711712|-83.06599989|271.0|Raspberry Shake Citizen Science Station|2020-01-28T00:50:23.644|
AM|R6E92|38.33333333|-122.6711894|47.0|Raspberry Shake Citizen Science Station|2017-01-27T22:43:32.001|2019-12-28T17:00:16.451
AM|R6E92|38.33333333|-122.6711894|47.0|Raspberry Shake Citizen Science Station|2019-12-30T20:38:21.296|
AM|R6EE9|32.74774775|-117.0198768|167.0|Raspberry Shake Citizen Science Station|2017-01-14T23:39:28.001|
AM|R6EF2|35.4954955|-97.53773923|370.0|Raspberry Shake Citizen Science Station|2017-05-24T01:59:39.001|
AM|R6F5B|47.32432432|-122.2739331|126.0|Raspberry Shake Citizen Science Station|2019-05-23T23:59:13.76|2019-11-21T23:41:44.782
AM|R6F5B|47.32432432|-122.2737016|126.0|Raspberry Shake Citizen Science Station|2019-11-21T23:41:44.783|
AM|R6F66|33.77477477|-84.38999902|283.0|Raspberry Shake Citizen Science Station|2017-05-18T15:35:38.001|
AM|R6F94|47.25225225|-122.2018698|174.0|Raspberry Shake Citizen Science Station|2017-01-22T06:22:53.001|
AM|R6FF2|36.13513514|-95.97727188|225.0|Raspberry Shake Citizen Science Station|2016-12-06T00:23:47.001|2019-10-23T17:00:09.892
AM|R6FF2|36.13513514|-95.97727188|225.0|Raspberry Shake Citizen Science Station|2019-10-28T20:08:01.1|2019-11-05T17:00:10.141
AM|R6FF2|36.13513514|-95.97727188|225.0|Raspberry Shake Citizen Science Station|2019-11-07T03:33:07.127|
AM|R70B6|31.3963964|-100.4848971|586.0|Raspberry Shake Citizen Science Station|2016-12-06T06:21:51.001|
AM|R71AD|35.98198198|-114.8432501|748.0|Raspberry Shake Citizen Science Station|2019-09-23T20:21:16.025|
AM|R71EC|38.24324324|-107.7954363|2309.0|Raspberry Shake Citizen Science Station|2016-12-20T19:37:29.001|
AM|R720B|37.68468468|126.7771141|68.0|Raspberry Shake Citizen Science Station|2017-07-25T08:05:37.001|
AM|R72AC|57.67567568|11.98045184|82.0|Raspberry Shake Citizen Science Station|2017-01-14T12:40:51.001|
AM|R730D|33.06306306|-96.35739118|192.0|Raspberry Shake Citizen Science Station|2019-05-26T03:08:55.152|2019-10-13T17:00:13.869
AM|R730D|33.06306306|-96.35739118|192.0|Raspberry Shake Citizen Science Station|2019-10-15T20:45:31.347|
AM|R7328|48.14414414|12.28701856|440.0|Raspberry Shake Citizen Science Station|2018-08-25T20:39:32.001|2020-01-16T17:00:16.718
AM|R7328|48.14414414|12.28701856|440.0|Raspberry Shake Citizen Science Station|2020-01-22T18:03:59.728|
AM|R7552|41.88288288|-87.92607957|209.0|Raspberry Shake Citizen Science Station|2016-12-29T20:33:55.001|
AM|R767F|34.94594595|-106.4505865|6000.0|Raspberry Shake Citizen Science Station|2018-10-23T17:24:27.001|
AM|R76A3|14.06306306|-87.1645345|1026.0|Raspberry Shake Citizen Science Station|2018-01-26T04:43:16.001|
AM|R78B7|4.63963964|-74.0716296|2556.0|Raspberry Shake Citizen Science Station|2019-09-23T01:22:34.738|2020-01-05T17:00:14.769
AM|R78B7|4.63963964|-74.0716296|2556.0|Raspberry Shake Citizen Science Station|2020-01-06T14:13:09.494|2020-01-08T02:05:24.548
AM|R78B7|4.63963964|-74.07190251|2558.0|Raspberry Shake Citizen Science Station|2020-01-08T02:05:24.549|2020-01-19T17:00:17.42
AM|R78B7|4.63963964|-74.07190251|2558.0|Raspberry Shake Citizen Science Station|2020-01-21T13:03:38.231|
AM|R79EC|30.63963964|-96.2861755|91.0|Raspberry Shake Citizen Science Station|2018-09-16T03:59:02.001|
AM|R7A06|5.990990991|116.5836252|1245.0|Raspberry Shake Citizen Science Station|2019-06-28T05:17:01.019|
AM|R7A2D|6.288288288|-75.59058829|1890.0|Raspberry Shake Citizen Science Station|2019-07-16T19:19:57.615|2019-11-12T17:00:12.175
AM|R7A2D|6.288288288|-75.59058829|1890.0|Raspberry Shake Citizen Science Station|2019-11-16T16:21:35.36|2019-11-16T17:00:11.418
AM|R7A2D|6.288288288|-75.59058829|1890.0|Raspberry Shake Citizen Science Station|2019-12-03T19:48:39.723|
AM|R7BF2|42.31531532|-88.25045562|238.0|Raspberry Shake Citizen Science Station|2016-12-06T04:21:18.001|
AM|R7C93|9.0|-79.58369342|21.0|Raspberry Shake Citizen Science Station|2019-07-02T13:51:26.443|2020-01-05T17:00:16.036
AM|R7CCE|36.37837838|-98.2387736|409.0|Raspberry Shake Citizen Science Station|2019-08-28T18:17:16.384|
AM|R7F4C|35.18918919|-97.45725448|355.0|Raspberry Shake Citizen Science Station|2017-11-29T00:50:14.001|
AM|R8086|53.04504505|-0.7793866936|16.0|Raspberry Shake Citizen Science Station|2017-02-18T21:15:11.001|2020-01-19T17:00:18.554
AM|R8473|12.52252252|-70.01701714|20.0|Raspberry Shake Citizen Science Station|2019-09-20T21:23:29.02|
AM|R85C3|39.53153153|-104.7843991|1775.0|Raspberry Shake Citizen Science Station|2019-10-25T03:15:03.436|
AM|R86D4|36.04504505|-95.93167721|237.0|Raspberry Shake Citizen Science Station|2016-12-03T03:51:14.001|
AM|R8890|38.74774775|-9.149784428|83.0|Raspberry Shake Citizen Science Station|2018-03-14T11:18:37.001|2019-12-22T17:00:22.722
AM|R8890|38.74774775|-9.149784428|83.0|Raspberry Shake Citizen Science Station|2019-12-23T09:14:24.091|
AM|R8891|38.79279279|15.23544064|4.0|Raspberry Shake Citizen Science Station|2019-09-16T05:40:19.196|
AM|R88F4|6.189189189|-75.57661584|1511.0|Raspberry Shake Citizen Science Station|2019-07-23T16:36:01.837|2019-10-09T17:00:07.433
AM|R88F4|6.189189189|-75.57661584|1511.0|Raspberry Shake Citizen Science Station|2019-11-12T20:24:50.321|2020-01-19T17:00:20.662
AM|R88F4|6.189189189|-75.57661584|1511.0|Raspberry Shake Citizen Science Station|2020-01-21T19:40:35.349|
AM|R892F|47.01801802|9.039172753|-32768.0|Raspberry Shake Citizen Science Station|2019-09-27T13:30:45.374|2019-09-29T17:00:12.221
AM|R892F|47.01801802|9.039172753|-32768.0|Raspberry Shake Citizen Science Station|2020-01-23T20:40:18.664|2020-01-23T20:45:20.581
AM|R892F|47.37837838|8.501632595|413.0|Raspberry Shake Citizen Science Station|2020-01-23T20:45:20.582|
AM|R8B94|37.11711712|-121.9522179|294.0|Raspberry Shake Citizen Science Station|2018-03-10T23:35:21.001|2019-10-29T17:00:12.267
AM|R8B94|37.11711712|-121.9522179|294.0|Raspberry Shake Citizen Science Station|2019-10-30T00:59:12.438|
AM|R8BB4|19.55855856|-154.8833195|23.0|Raspberry Shake Citizen Science Station|2017-01-23T01:31:59.001|2019-10-30T17:00:11.828
AM|R8BB4|19.55855856|-154.8833195|23.0|Raspberry Shake Citizen Science Station|2019-11-05T06:03:32.771|2019-11-30T17:00:13.813
AM|R8BB4|19.55855856|-154.8833195|23.0|Raspberry Shake Citizen Science Station|2019-12-06T06:10:44.401|2019-12-16T17:00:14.8
AM|R8BB4|19.55855856|-154.8833195|23.0|Raspberry Shake Citizen Science Station|2019-12-16T17:47:52.582|
AM|R8BB6|40.81081081|-81.9320882|339.0|Raspberry Shake Citizen Science Station|2018-02-28T22:08:31.001|
AM|R8BD7|37.31531532|-121.9388981|38.0|Raspberry Shake Citizen Science Station|2017-01-19T03:39:11.001|
AM|R8C42|41.84684685|-88.13193762|229.0|Raspberry Shake Citizen Science Station|2019-05-03T20:37:37.71|
AM|R8C73|40.01801802|-75.60873491|128.0|Raspberry Shake Citizen Science Station|2018-01-20T03:34:23.001|
AM|R8F35|48.54954955|2.204995542|96.0|Raspberry Shake Citizen Science Station|2018-08-26T15:06:57.001|
AM|R8F50|43.48648649|-72.41947607|284.0|Raspberry Shake Citizen Science Station|2019-04-29T16:09:40.501|
AM|R909E|36.3963964|-97.86801187|386.0|Raspberry Shake Citizen Science Station|2018-09-24T18:05:58.001|2019-10-05T17:00:08.431
AM|R909E|36.3963964|-97.86801187|386.0|Raspberry Shake Citizen Science Station|2019-11-05T20:09:36.839|2019-11-18T17:00:14.02
AM|R90C7|49.58558559|11.02056914|283.0|Raspberry Shake Citizen Science Station|2019-08-23T17:25:44.53|
AM|R912C|52.37837838|5.254465432|-3.0|Raspberry Shake Citizen Science Station|2019-06-16T14:59:44.124|
AM|R9197|48.64864865|7.813834406|129.0|Raspberry Shake Citizen Science Station|2019-09-24T15:43:22.606|2019-12-14T17:00:13.265
AM|R9197|48.64864865|7.813834406|129.0|Raspberry Shake Citizen Science Station|2019-12-15T11:54:51.753|
AM|R93B1|35.33333333|-97.54596159|372.0|Raspberry Shake Citizen Science Station|2019-09-28T20:43:38.86|2019-10-21T17:00:09.056
AM|R93B1|35.33333333|-97.54596159|372.0|Raspberry Shake Citizen Science Station|2019-10-28T21:26:09.19|2019-11-03T17:00:14.131
AM|R93B1|35.33333333|-97.54596159|372.0|Raspberry Shake Citizen Science Station|2019-12-13T16:22:12.106|
AM|R9440|-42.27027027|-73.91405018|769.0|Raspberry Shake Citizen Science Station|2019-09-01T19:25:12.479|2019-09-28T17:00:12.939
AM|R9440|-42.27027027|-73.91405018|769.0|Raspberry Shake Citizen Science Station|2019-10-03T21:19:20.56|2019-10-03T21:29:19.416
AM|R9440|-42.37837838|-73.65042992|16.0|Raspberry Shake Citizen Science Station|2019-10-03T21:29:19.417|
AM|R9475|-31.27027027|149.213319|535.0|Raspberry Shake Citizen Science Station|2017-02-07T08:26:37.001|
AM|R9499|45.46846847|-73.61134081|63.0|Raspberry Shake Citizen Science Station|2017-07-16T02:45:17.001|
AM|R94E3|9.90990991|-84.02111072|1229.0|Raspberry Shake Citizen Science Station|2019-10-08T20:24:46.699|2019-10-10T17:00:11.685
AM|R95F2|48.56756757|-123.4464047|47.0|Raspberry Shake Citizen Science Station|2019-07-01T22:42:02.073|
AM|R9621|51.27027027|0.1440204416|100.0|Raspberry Shake Citizen Science Station|2019-07-05T20:12:24.155|
AM|R96B0|52.65765766|4.752849337|0.0|Raspberry Shake Citizen Science Station|2017-01-16T12:14:06.001|2019-12-09T17:00:14.813
AM|R96B0|52.65765766|4.752849337|0.0|Raspberry Shake Citizen Science Station|2019-12-22T10:27:28.267|
AM|R98A3|35.44144144|-97.41139035|374.0|Raspberry Shake Citizen Science Station|2018-02-12T21:52:22.001|
AM|R98D6|33.86486486|-118.0547413|20.0|Raspberry Shake Citizen Science Station|2017-01-07T01:24:52.001|
AM|R98DD|29.75675676|-95.70593077|31.0|Raspberry Shake Citizen Science Station|2019-01-22T01:20:10.001|2019-11-22T17:00:16.15
AM|R98DD|29.75675676|-95.70593077|31.0|Raspberry Shake Citizen Science Station|2019-12-06T23:45:01.625|
AM|R99CF|61.11711712|-149.8114996|106.0|Raspberry Shake Citizen Science Station|2016-12-05T15:33:22.001|
AM|R9A85|50.88288288|4.155943669|39.0|Raspberry Shake Citizen Science Station|2019-07-16T09:03:25.776|2019-12-23T17:00:15.253
AM|R9A85|50.88288288|4.155943669|39.0|Raspberry Shake Citizen Science Station|2019-12-28T14:47:18.833|
AM|R9A9D|-27.4954955|153.0232866|36.0|Raspberry Shake Citizen Science Station|2019-07-13T04:16:29.484|
AM|R9CA3|35.20720721|-97.42959093|363.0|Raspberry Shake Citizen Science Station|2018-05-22T19:44:51.001|
AM|R9DA3|8.765765766|-82.41431693|1231.0|Raspberry Shake Citizen Science Station|2019-04-24T02:15:40.512|2019-12-19T17:00:16.62
AM|R9DA3|8.765765766|-82.41431693|1231.0|Raspberry Shake Citizen Science Station|2019-12-21T15:01:54.164|2020-01-07T17:00:17.957
AM|R9DA3|8.765765766|-82.41431693|1231.0|Raspberry Shake Citizen Science Station|2020-01-07T18:22:15.466|2020-01-10T17:00:19.562
AM|R9DA3|8.765765766|-82.41431693|1231.0|Raspberry Shake Citizen Science Station|2020-01-11T20:35:03.113|2020-01-14T18:30:45.869
AM|R9DA3|11.0990991|23.09878337|1337.0|Raspberry Shake Citizen Science Station|2020-01-14T18:30:45.87|2020-01-16T17:44:42.254
AM|R9DA3|8.765765766|-82.41431693|1231.0|Raspberry Shake Citizen Science Station|2020-01-16T17:44:42.255|2020-02-03T17:11:03.254
AM|R9DA3|8.972972973|-79.52316951|2.0|Raspberry Shake Citizen Science Station|2020-02-03T17:11:03.255|
AM|R9DAA|9.063063063|-79.45172726|32.0|Raspberry Shake Citizen Science Station|2017-03-08T08:07:53.001|
AM|R9E4C|35.43243243|-97.08358814|335.0|Raspberry Shake Citizen Science Station|2019-09-04T15:44:02.362|
AM|R9F1B|48.61261261|2.262119459|64.0|Raspberry Shake Citizen Science Station|2019-05-21T19:34:07.223|
AM|R9FF1|35.88288288|-106.2730734|2175.0|Raspberry Shake Citizen Science Station|2019-09-21T14:45:55.091|2020-01-22T17:00:15.426
AM|RA093|36.5045045|-4.93148071|30.0|Raspberry Shake Citizen Science Station|2017-07-08T14:05:27.001|
AM|RA0BE|35.74774775|-97.46381828|349.0|Raspberry Shake Citizen Science Station|2016-12-10T16:31:10.001|
AM|RA0EB|42.12612613|-71.12896233|42.0|Raspberry Shake Citizen Science Station|2019-05-22T17:20:59.163|
AM|RA14B|48.78378378|2.597849624|125.0|Raspberry Shake Citizen Science Station|2017-01-12T18:52:05.001|
AM|RA151|47.38738739|-68.93084792|254.0|Raspberry Shake Citizen Science Station|2019-12-29T17:32:13.074|2020-01-03T17:00:17.997
AM|RA151|47.38738739|-68.93084792|254.0|Raspberry Shake Citizen Science Station|2020-02-08T00:04:14.115|
AM|RA1EE|33.5045045|-117.7368754|51.0|Raspberry Shake Citizen Science Station|2017-03-19T01:00:12.001|2019-10-10T17:00:12.636
AM|RA20F|-31.95495495|141.4585137|312.0|Raspberry Shake Citizen Science Station|2019-09-14T18:53:07.903|2019-10-04T17:00:10.599
AM|RA20F|-31.95495495|141.4585137|312.0|Raspberry Shake Citizen Science Station|2019-10-30T05:27:24.302|
AM|RA211|50.33333333|11.68644046|539.0|Raspberry Shake Citizen Science Station|2017-05-09T13:55:54.001|
AM|RA263|39.08108108|-77.54192499|128.0|Raspberry Shake Citizen Science Station|2019-09-14T14:47:21.27|
AM|RA2DE|42.33333333|-71.1612003|54.0|Raspberry Shake Citizen Science Station|2017-07-28T02:58:44.001|
AM|RA321|44.8018018|-122.6934514|244.0|Raspberry Shake Citizen Science Station|2019-07-01T18:09:43.28|
AM|RA3B7|46.38738739|6.713444873|1033.0|Raspberry Shake Citizen Science Station|2017-04-02T16:42:01.001|
AM|RA406|8.774774775|-82.63556351|1500.0|Raspberry Shake Citizen Science Station|2019-09-11T21:06:21.56|2019-09-27T17:00:11.908
AM|RA406|8.774774775|-82.63556351|1500.0|Raspberry Shake Citizen Science Station|2019-10-01T20:32:45.289|2019-10-06T17:00:09.004
AM|RA419|42.76576577|-73.88059112|119.0|Raspberry Shake Citizen Science Station|2019-09-16T23:45:25.022|2020-01-03T17:00:19.169
AM|RA419|42.76576577|-73.88059112|119.0|Raspberry Shake Citizen Science Station|2020-01-05T21:54:11.254|2020-01-05T22:33:13.495
AM|RA419|42.76576577|-73.86843786|120.0|Raspberry Shake Citizen Science Station|2020-01-05T22:33:13.496|
AM|RA430|33.47747748|-116.7117157|1314.0|Raspberry Shake Citizen Science Station|2019-09-25T11:15:58.921|2019-10-24T17:00:10.221
AM|RA430|33.47747748|-116.7117157|1314.0|Raspberry Shake Citizen Science Station|2019-10-26T01:12:36.972|2019-11-22T17:00:18.491
AM|RA430|33.47747748|-116.7117157|1314.0|Raspberry Shake Citizen Science Station|2019-12-17T11:44:16.337|
AM|RA482|25.03603604|121.6103936|27.0|Raspberry Shake Citizen Science Station|2019-04-02T03:49:38.739|
AM|RA506|-41.17117117|174.8260804|37.0|Raspberry Shake Citizen Science Station|2019-09-09T21:21:51.993|
AM|RA58C|53.00900901|-2.276311312|159.0|Raspberry Shake Citizen Science Station|2017-06-30T17:46:08.001|
AM|RA5AB|28.0|84.61687533|1121.0|Raspberry Shake Citizen Science Station|2019-06-10T09:30:15.47|2019-10-21T17:00:10.066
AM|RA5AB|28.0|84.61687533|1121.0|Raspberry Shake Citizen Science Station|2019-10-24T09:00:29.468|2019-11-26T17:00:17.88
AM|RA5AB|28.0|84.61687533|1121.0|Raspberry Shake Citizen Science Station|2019-11-28T10:10:25.999|
AM|RA5F2|38.35135135|-122.7711248|35.0|Raspberry Shake Citizen Science Station|2019-10-24T02:43:43.93|2019-10-26T17:00:12.606
AM|RA5F2|38.35135135|-122.7711248|35.0|Raspberry Shake Citizen Science Station|2019-11-26T17:59:49.204|2019-12-14T17:00:14.336
AM|RA5F2|38.35135135|-122.7711248|35.0|Raspberry Shake Citizen Science Station|2019-12-19T07:11:10.371|2019-12-22T17:00:24.874
AM|RA5F2|38.35135135|-122.7711248|35.0|Raspberry Shake Citizen Science Station|2020-01-15T00:00:00.016|2020-01-15T00:23:37.919
AM|RA5F2|38.35135135|-122.7716335|35.0|Raspberry Shake Citizen Science Station|2020-01-15T00:23:37.92|
AM|RA60A|-45.88288288|170.4853696|66.0|Raspberry Shake Citizen Science Station|2017-05-20T00:31:57.001|
AM|RA614|42.81081081|-73.95458768|274.0|Raspberry Shake Citizen Science Station|2019-07-08T10:59:39.433|2019-11-29T17:00:16.804
AM|RA614|42.81081081|-73.95458768|274.0|Raspberry Shake Citizen Science Station|2019-12-02T13:06:18.753|2019-12-14T21:52:02.922
AM|RA614|42.81081081|-73.9536311|76.0|Raspberry Shake Citizen Science Station|2019-12-14T21:52:02.923|2019-12-15T14:21:25.158
AM|RA614|42.81081081|-73.9536311|295.0|Raspberry Shake Citizen Science Station|2019-12-15T14:21:25.159|2020-01-01T17:00:17.293
AM|RA614|42.81081081|-73.9536311|295.0|Raspberry Shake Citizen Science Station|2020-01-05T17:47:33.935|
AM|RA65A|33.16216216|-117.3049298|87.0|Raspberry Shake Citizen Science Station|2016-12-08T20:31:48.001|
AM|RA6AE|52.97297297|-122.4944962|483.0|Raspberry Shake Citizen Science Station|2017-01-31T18:49:58.001|
AM|RA6B2|39.27927928|-123.7653426|159.0|Raspberry Shake Citizen Science Station|2017-03-18T21:24:21.001|
AM|RA6C5|47.27927928|11.14147772|626.0|Raspberry Shake Citizen Science Station|2018-06-13T21:52:28.001|
AM|RA78B|44.07207207|9.906789548|68.0|Raspberry Shake Citizen Science Station|2019-09-14T17:00:29.815|
AM|RA822|35.55855856|-98.03202879|430.0|Raspberry Shake Citizen Science Station|2019-07-12T20:13:47.553|
AM|RA866|40.79279279|-82.57703326|392.0|Raspberry Shake Citizen Science Station|2017-04-12T14:05:46.001|2019-11-24T17:00:14.252
AM|RA8DB|37.84684685|-122.2655312|27.0|Raspberry Shake Citizen Science Station|2019-09-13T03:11:17.725|
AM|RAA38|45.43243243|-122.8264074|100.0|Raspberry Shake Citizen Science Station|2016-12-06T00:29:07.001|2020-01-13T17:00:17.851
AM|RAA38|45.43243243|-122.8264074|100.0|Raspberry Shake Citizen Science Station|2020-01-16T03:28:48.014|
AM|RAB42|40.13513514|-75.05195791|84.0|Raspberry Shake Citizen Science Station|2017-04-13T22:07:35.001|
AM|RAC22|38.87387387|-77.3398922|123.0|Raspberry Shake Citizen Science Station|2017-07-19T21:25:59.001|
AM|RAC94|49.06306306|1.952565481|20.0|Raspberry Shake Citizen Science Station|2019-11-25T11:29:18.502|2019-11-25T11:43:27.314
AM|RAC94|49.03603604|1.937680488|59.0|Raspberry Shake Citizen Science Station|2019-11-25T11:43:27.315|2020-01-06T17:00:20.747
AM|RAC94|49.03603604|1.937684384|59.0|Raspberry Shake Citizen Science Station|2020-01-10T19:50:09.497|
AM|RACBA|59.27027027|18.05521965|40.0|Raspberry Shake Citizen Science Station|2017-07-13T19:27:52.001|
AM|RAD4C|34.6036036|-98.39015615|342.0|Raspberry Shake Citizen Science Station|2017-11-15T20:40:51.001|2019-12-18T17:00:12.86
AM|RAD4C|34.6036036|-98.39015615|342.0|Raspberry Shake Citizen Science Station|2019-12-30T14:27:28.233|
AM|RAD87|30.09009009|-95.45380285|44.0|Raspberry Shake Citizen Science Station|2019-07-12T07:09:54.68|2019-10-18T15:07:29.923
AM|RAD87|30.09009009|-95.445128|43.0|Raspberry Shake Citizen Science Station|2019-10-18T15:07:29.924|2019-12-06T17:00:16.569
AM|RAD90|52.38738739|13.06366686|50.0|Raspberry Shake Citizen Science Station|2019-11-27T07:15:16.921|2019-12-25T17:00:16.724
AM|RAE21|40.36036036|-86.75597692|217.0|Raspberry Shake Citizen Science Station|2019-08-12T18:34:05.678|
AM|RAE55|-12.72972973|45.20177249|47.0|Raspberry Shake Citizen Science Station|2018-06-27T10:29:50.001|
AM|RAE64|47.6036036|-122.2857053|93.0|Raspberry Shake Citizen Science Station|2019-09-13T17:20:08.563|2019-09-29T17:00:16.362
AM|RAE64|47.6036036|-122.2857053|93.0|Raspberry Shake Citizen Science Station|2019-09-30T16:06:16.534|2019-12-26T17:00:16.834
AM|RAE8E|35.48648649|-97.51380573|376.0|Raspberry Shake Citizen Science Station|2017-07-19T00:26:53.001|
AM|RB0A4|34.01801802|-81.19270376|105.0|Raspberry Shake Citizen Science Station|2019-08-28T23:07:25.53|
AM|RB0D2|36.81981982|-121.4134217|92.0|Raspberry Shake Citizen Science Station|2016-12-11T01:46:23.001|
AM|RB1FC|56.16216216|10.20905372|18.0|Raspberry Shake Citizen Science Station|2019-09-20T10:22:16.929|2019-12-12T17:00:13.483
AM|RB1FC|56.16216216|10.20905372|18.0|Raspberry Shake Citizen Science Station|2020-01-06T07:45:14.315|2020-01-11T17:00:19.031
AM|RB1FC|56.16216216|10.20905372|18.0|Raspberry Shake Citizen Science Station|2020-01-13T08:22:20.916|
AM|RB2CB|38.0990991|-121.2982575|9.0|Raspberry Shake Citizen Science Station|2017-09-23T16:39:22.001|
AM|RB30B|37.8018018|-122.4015063|57.0|Raspberry Shake Citizen Science Station|2019-06-12T22:28:29.293|2019-12-15T17:00:27.506
AM|RB30B|37.8018018|-122.4015063|57.0|Raspberry Shake Citizen Science Station|2019-12-18T22:40:02.02|
AM|RB3BC|38.15315315|-85.85883681|137.0|Raspberry Shake Citizen Science Station|2019-04-22T18:54:24.131|
AM|RB411|48.52252252|9.046454234|355.0|Raspberry Shake Citizen Science Station|2016-12-29T23:26:00.001|
AM|RB4CB|40.53153153|-76.9358676|129.0|Raspberry Shake Citizen Science Station|2019-12-16T23:15:53.963|
AM|RB511|37.86486486|-122.086989|172.0|Raspberry Shake Citizen Science Station|2016-12-11T13:38:42.001|2019-10-29T17:00:14.277
AM|RB511|37.86486486|-122.086989|172.0|Raspberry Shake Citizen Science Station|2019-10-29T23:16:59.473|
AM|RB7AB|53.40540541|-1.496299396|72.0|Raspberry Shake Citizen Science Station|2019-09-26T09:29:27.293|2019-09-28T17:00:13.872
AM|RB7AB|53.40540541|-1.496299396|72.0|Raspberry Shake Citizen Science Station|2019-12-11T14:57:17.614|2019-12-12T13:51:24.98
AM|RB7AB|52.61261261|-1.127790618|61.0|Raspberry Shake Citizen Science Station|2019-12-12T13:51:24.981|
AM|RB8BB|38.58558559|-90.42297463|184.0|Raspberry Shake Citizen Science Station|2019-08-18T23:23:32.311|
AM|RB8D5|10.46846847|-84.95587504|585.0|Raspberry Shake Citizen Science Station|2018-01-25T19:07:28.001|2020-01-19T17:00:23.748
AM|RB8D5|10.46846847|-84.95587504|585.0|Raspberry Shake Citizen Science Station|2020-01-30T14:26:14.818|
AM|RBA7A|19.32432432|-99.17461905|2281.0|Raspberry Shake Citizen Science Station|2017-08-30T23:37:09.001|2019-10-06T17:00:10.057
AM|RBA7A|19.32432432|-99.17461905|2281.0|Raspberry Shake Citizen Science Station|2019-10-11T20:41:19.654|
AM|RBB09|51.65765766|5.621172316|20.0|Raspberry Shake Citizen Science Station|2018-05-06T15:06:59.001|2019-12-10T17:00:14.617
AM|RBB09|51.65765766|5.621172316|20.0|Raspberry Shake Citizen Science Station|2019-12-13T12:32:26.911|
AM|RBC2F|33.82882883|-117.7701983|296.0|Raspberry Shake Citizen Science Station|2017-04-22T17:58:18.001|
AM|RBCA7|46.86486486|7.274574663|611.0|Raspberry Shake Citizen Science Station|2017-02-02T19:32:18.001|2019-11-06T17:00:13.392
AM|RBCA7|46.86486486|7.274574663|611.0|Raspberry Shake Citizen Science Station|2020-01-04T16:22:23.805|
AM|RBCC7|38.99099099|-76.69290573|31.0|Raspberry Shake Citizen Science Station|2019-09-26T00:46:47.055|2019-09-30T17:00:08.824
AM|RBCC7|38.99099099|-76.69290573|31.0|Raspberry Shake Citizen Science Station|2019-10-03T00:35:02.621|2019-11-20T17:00:12.259
AM|RBCC7|38.99099099|-76.69290573|31.0|Raspberry Shake Citizen Science Station|2019-11-23T03:03:26.491|2019-12-24T17:00:14.226
AM|RBCC7|38.99099099|-76.69290573|31.0|Raspberry Shake Citizen Science Station|2020-01-02T00:54:26.679|
AM|RBCFC|46.94594595|7.417591162|557.0|Raspberry Shake Citizen Science Station|2017-02-11T16:27:35.001|
AM|RBE37|41.57657658|-81.07170802|377.0|Raspberry Shake Citizen Science Station|2017-02-16T20:48:23.001|
AM|RBE46|35.96396396|-97.2175987|321.0|Raspberry Shake Citizen Science Station|2019-09-20T16:40:10.201|
AM|RBE6A|54.57657658|-5.938738801|100.0|Raspberry Shake Citizen Science Station|2019-07-08T08:00:12.702|2019-12-12T17:00:14.488
AM|RBE6A|54.57657658|-5.938738801|100.0|Raspberry Shake Citizen Science Station|2019-12-14T09:01:19.408|
AM|RBF6B|49.72972973|-123.1008184|155.0|Raspberry Shake Citizen Science Station|2019-09-17T01:53:51.989|2019-09-30T17:00:09.884
AM|RBFD5|48.58558559|2.2473751|62.0|Raspberry Shake Citizen Science Station|2018-03-15T18:26:01.001|
AM|RC069|44.72972973|-93.3042944|278.0|Raspberry Shake Citizen Science Station|2016-12-05T23:38:08.001|
AM|RC099|44.83783784|-91.92002318|288.0|Raspberry Shake Citizen Science Station|2017-11-03T22:29:15.001|
AM|RC144|-43.64864865|172.8295817|3.0|Raspberry Shake Citizen Science Station|2019-03-12T22:33:54.149|2019-10-16T02:38:03.625
AM|RC144|-43.64864865|172.8292939|3.0|Raspberry Shake Citizen Science Station|2019-10-16T02:38:03.626|
AM|RC176|34.8018018|-87.67878755|169.0|Raspberry Shake Citizen Science Station|2018-06-20T18:40:59.001|
AM|RC288|37.03603604|27.41390045|15.0|Raspberry Shake Citizen Science Station|2019-07-25T09:55:09.649|2019-09-29T17:00:18.432
AM|RC30C|-23.55855856|-46.73326632|698.0|Raspberry Shake Citizen Science Station|2019-09-26T16:09:20.367|2019-09-27T15:12:44.07
AM|RC30C|-23.56756757|-46.73653924|765.0|Raspberry Shake Citizen Science Station|2019-09-27T15:12:44.071|2019-10-11T17:00:10.574
AM|RC30C|-23.56756757|-46.73653924|765.0|Raspberry Shake Citizen Science Station|2019-10-14T19:16:44.579|2019-10-17T17:00:16.262
AM|RC30C|-23.56756757|-46.73653924|765.0|Raspberry Shake Citizen Science Station|2019-10-23T15:55:47.364|2019-11-29T17:00:19.105
AM|RC342|52.36936937|12.91172632|40.0|Raspberry Shake Citizen Science Station|2018-08-05T12:35:25.001|2019-11-17T17:00:17.276
AM|RC342|52.36936937|12.91172632|40.0|Raspberry Shake Citizen Science Station|2019-11-17T19:39:38.861|2019-11-23T17:00:15.976
AM|RC342|52.36936937|12.91172632|40.0|Raspberry Shake Citizen Science Station|2019-11-23T22:12:08.466|
AM|RC345|39.48648649|-88.96091051|259.0|Raspberry Shake Citizen Science Station|2019-05-30T14:25:02.987|
AM|RC3FE|35.41441441|-96.86014001|315.0|Raspberry Shake Citizen Science Station|2019-10-17T15:11:48.64|
AM|RC421|29.57657658|-98.41625871|198.0|Raspberry Shake Citizen Science Station|2017-11-12T06:11:06.001|
AM|RC4AC|21.32432432|-158.0755701|18.0|Raspberry Shake Citizen Science Station|2016-12-30T09:08:32.001|2019-12-24T17:00:15.422
AM|RC4AC|21.32432432|-158.0755701|18.0|Raspberry Shake Citizen Science Station|2019-12-29T05:03:52.039|
AM|RC5F0|33.57657658|-111.8356991|468.0|Raspberry Shake Citizen Science Station|2019-07-15T18:35:26.612|
AM|RC7AD|58.7027027|22.51243645|10.0|Raspberry Shake Citizen Science Station|2019-08-28T10:46:43.55|2019-10-21T17:00:11.109
AM|RC7AD|58.7027027|22.51243645|10.0|Raspberry Shake Citizen Science Station|2019-10-23T08:50:44.076|2019-11-13T17:00:13.011
AM|RC7FC|43.74774775|10.53951132|893.0|Raspberry Shake Citizen Science Station|2019-08-19T08:07:26.372|
AM|RC8AB|34.8018018|-87.67889394|169.0|Raspberry Shake Citizen Science Station|2018-06-21T12:52:40.001|
AM|RC98E|43.51351351|-116.5346525|785.0|Raspberry Shake Citizen Science Station|2017-01-27T15:26:28.001|
AM|RC9AD|23.07207207|-109.6778134|15.0|Raspberry Shake Citizen Science Station|2017-02-17T23:26:06.001|
AM|RCB43|42.69369369|-73.19244206|219.0|Raspberry Shake Citizen Science Station|2019-09-02T21:35:40.579|2019-11-04T17:00:15.323
AM|RCB43|42.69369369|-73.19244206|219.0|Raspberry Shake Citizen Science Station|2019-11-07T16:19:15.502|2019-11-12T17:00:15.453
AM|RCB43|42.69369369|-73.19244206|219.0|Raspberry Shake Citizen Science Station|2019-11-22T17:38:20.548|
AM|RCB8B|30.43243243|-84.27422517|65.0|Raspberry Shake Citizen Science Station|2019-09-23T17:07:37.143|
AM|RCBD9|52.42342342|9.454969845|48.0|Raspberry Shake Citizen Science Station|2017-01-20T19:33:02.001|
AM|RCC5F|10.34234234|-67.02634989|1213.0|Raspberry Shake Citizen Science Station|2019-09-19T00:54:46.181|2019-10-19T17:00:10.302
AM|RCC5F|10.34234234|-67.02634989|1213.0|Raspberry Shake Citizen Science Station|2020-01-06T18:33:33.62|2020-01-06T18:36:21.51
AM|RCC5F|10.46846847|-66.80582847|900.0|Raspberry Shake Citizen Science Station|2020-01-06T18:36:21.511|
AM|RCCD5|59.67567568|-151.6459339|300.0|Raspberry Shake Citizen Science Station|2019-10-01T02:05:42.462|2019-10-04T17:00:11.594
AM|RCCD5|59.67567568|-151.6459339|300.0|Raspberry Shake Citizen Science Station|2019-10-12T23:07:31.439|2019-10-25T17:00:11.068
AM|RCCD5|59.67567568|-151.6459339|300.0|Raspberry Shake Citizen Science Station|2019-10-27T17:44:51.481|2019-10-29T17:00:15.256
AM|RCCD5|59.67567568|-151.6459339|300.0|Raspberry Shake Citizen Science Station|2019-10-30T06:19:08.301|2019-12-14T17:00:16.419
AM|RCCD5|59.67567568|-151.6459339|300.0|Raspberry Shake Citizen Science Station|2019-12-14T20:01:21.013|2019-12-28T17:00:19.645
AM|RCCD5|59.67567568|-151.6459339|300.0|Raspberry Shake Citizen Science Station|2020-01-07T11:23:02.287|2020-01-19T17:00:25.762
AM|RCCD5|59.67567568|-151.6459339|300.0|Raspberry Shake Citizen Science Station|2020-01-24T06:17:32.495|
AM|RCCF4|34.22522523|-96.66099206|219.0|Raspberry Shake Citizen Science Station|2019-11-08T18:57:38.955|
AM|RCD57|42.64864865|-71.14102699|52.0|Raspberry Shake Citizen Science Station|2016-12-09T04:29:19.001|
AM|RCD60|-43.63963964|172.4869078|10.0|Raspberry Shake Citizen Science Station|2019-07-20T04:22:33.6|
AM|RCDC4|-36.77477477|174.6976229|15.0|Raspberry Shake Citizen Science Station|2016-11-25T16:25:21.001|
AM|RCDFA|41.53153153|-70.64494335|20.0|Raspberry Shake Citizen Science Station|2019-06-04T13:36:22.933|
AM|RCE3F|39.48648649|-74.52832494|17.0|Raspberry Shake Citizen Science Station|2018-04-05T18:31:13.001|2019-10-04T17:00:12.543
AM|RCE3F|39.48648649|-74.52832494|17.0|Raspberry Shake Citizen Science Station|2019-10-04T18:00:17.454|
AM|RCF53|35.67567568|-97.49330834|361.0|Raspberry Shake Citizen Science Station|2019-08-12T21:34:44.41|2019-10-11T17:00:12.487
AM|RCF53|35.67567568|-97.49330834|361.0|Raspberry Shake Citizen Science Station|2019-10-14T21:38:23.75|2019-11-20T17:00:16.22
AM|RCF53|35.67567568|-97.49330834|361.0|Raspberry Shake Citizen Science Station|2019-12-17T23:15:39.463|
AM|RCFC6|49.90990991|8.645549422|124.0|Raspberry Shake Citizen Science Station|2019-09-09T19:13:38.894|
AM|RD0A1|6.90990991|100.5411691|82.0|Raspberry Shake Citizen Science Station|2019-04-20T13:52:45.947|
AM|RD2A1|36.78378378|-98.38626047|373.0|Raspberry Shake Citizen Science Station|2019-04-24T14:23:38.091|2019-10-11T17:00:13.431
AM|RD2A1|36.78378378|-98.38626047|373.0|Raspberry Shake Citizen Science Station|2019-10-29T13:34:17.237|
AM|RD351|34.77477477|-96.66170221|318.0|Raspberry Shake Citizen Science Station|2019-08-19T17:28:47.439|2019-10-10T17:00:16.456
AM|RD351|34.77477477|-96.66170221|318.0|Raspberry Shake Citizen Science Station|2019-10-16T20:42:56.22|2019-11-07T17:00:14.193
AM|RD351|34.77477477|-96.66170221|318.0|Raspberry Shake Citizen Science Station|2020-01-29T12:28:00.899|
AM|RD3EF|23.07207207|-109.693239|15.0|Raspberry Shake Citizen Science Station|2019-09-13T23:42:31.468|
AM|RD41A|39.5045045|-84.7256889|276.0|Raspberry Shake Citizen Science Station|2017-08-10T19:50:22.001|
AM|RD4A6|55.95495495|12.29699049|50.0|Raspberry Shake Citizen Science Station|2019-08-23T18:59:28.458|
AM|RD4D6|35.59459459|-97.63414234|360.0|Raspberry Shake Citizen Science Station|2020-01-28T17:43:09.861|
AM|RD51C|43.61261261|6.969003882|149.0|Raspberry Shake Citizen Science Station|2019-07-17T17:30:45.069|
AM|RD56B|39.74774775|-84.187199|223.0|Raspberry Shake Citizen Science Station|2018-05-15T16:28:32.001|2019-10-23T18:54:21.839
AM|RD56B|39.75675676|-84.18842134|230.0|Raspberry Shake Citizen Science Station|2019-10-23T18:54:21.84|2019-10-23T19:04:36.386
AM|RD56B|39.75675676|-84.19965121|230.0|Raspberry Shake Citizen Science Station|2019-10-23T19:04:36.387|2019-12-15T17:00:28.597
AM|RD56B|39.75675676|-84.19965121|230.0|Raspberry Shake Citizen Science Station|2019-12-28T15:08:03.488|2019-12-28T17:00:21.093
AM|RD56B|39.75675676|-84.19965121|230.0|Raspberry Shake Citizen Science Station|2019-12-30T15:05:03.192|2019-12-30T17:00:18.107
AM|RD56B|39.75675676|-84.19965121|230.0|Raspberry Shake Citizen Science Station|2019-12-31T19:41:02.615|
AM|RD7A0|32.84684685|-96.78593324|180.0|Raspberry Shake Citizen Science Station|2017-01-28T22:04:38.001|2019-12-24T17:00:16.576
AM|RD7A0|32.84684685|-96.78593324|180.0|Raspberry Shake Citizen Science Station|2020-01-07T22:43:08.668|
AM|RD7EB|36.0|-95.88255562|206.0|Raspberry Shake Citizen Science Station|2018-05-03T15:38:00.001|
AM|RD849|34.45045045|-118.5378344|435.0|Raspberry Shake Citizen Science Station|2016-12-03T01:30:28.001|
AM|RD8BC|-35.3963964|149.1083364|679.0|Raspberry Shake Citizen Science Station|2017-03-18T20:26:26.001|2019-12-15T17:00:30.129
AM|RD8BC|-35.3963964|149.1083364|679.0|Raspberry Shake Citizen Science Station|2020-01-03T12:45:56.994|2020-01-20T17:00:16.77
AM|RD8BC|-35.3963964|149.1083364|679.0|Raspberry Shake Citizen Science Station|2020-01-27T07:02:30.5|
AM|RD8D1|78.21621622|15.62472995|3.0|Raspberry Shake Citizen Science Station|2018-06-22T08:58:01.001|
AM|RD984|51.11711712|6.65992797|51.0|Raspberry Shake Citizen Science Station|2017-01-14T12:32:57.001|
AM|RD9BA|52.63063063|-1.157908463|74.0|Raspberry Shake Citizen Science Station|2019-07-09T12:24:55.002|2019-11-16T17:00:14.887
AM|RD9BA|52.63063063|-1.157908463|74.0|Raspberry Shake Citizen Science Station|2019-11-18T17:12:52.893|2019-12-06T17:00:22.503
AM|RD9BA|52.63063063|-1.157908463|74.0|Raspberry Shake Citizen Science Station|2019-12-09T08:25:29.445|2020-01-19T17:00:26.773
AM|RD9BA|52.63063063|-1.157908463|74.0|Raspberry Shake Citizen Science Station|2020-01-21T16:33:04.166|
AM|RDAC2|53.20720721|6.559145638|33.0|Raspberry Shake Citizen Science Station|2019-06-24T08:06:54.424|
AM|RDB2E|40.30630631|-83.08052933|285.0|Raspberry Shake Citizen Science Station|2019-07-29T21:40:06.416|
AM|RDC26|35.51351351|-97.47105756|345.0|Raspberry Shake Citizen Science Station|2019-03-12T16:49:45.636|
AM|RDC2E|44.8018018|-122.695366|269.0|Raspberry Shake Citizen Science Station|2019-07-01T18:15:23.108|2019-10-17T17:00:21.841
AM|RDC2E|44.8018018|-122.695366|269.0|Raspberry Shake Citizen Science Station|2019-11-22T01:15:22.123|
AM|RDD01|40.22522523|-82.9815715|278.0|Raspberry Shake Citizen Science Station|2016-12-05T14:27:01.001|
AM|RDD79|38.20720721|-85.64150995|152.0|Raspberry Shake Citizen Science Station|2016-12-15T16:58:25.001|
AM|RDE64|47.62162162|-122.8193269|90.0|Raspberry Shake Citizen Science Station|2019-08-24T17:13:45.414|
AM|RDEC0|52.92792793|-2.585477858|102.0|Raspberry Shake Citizen Science Station|2019-09-20T22:54:29.531|2019-10-25T17:00:13.065
AM|RDEC0|52.92792793|-2.585477858|102.0|Raspberry Shake Citizen Science Station|2019-10-29T12:40:36.35|2019-11-25T17:00:18.384
AM|RDF14|49.0|11.97563503|433.0|Raspberry Shake Citizen Science Station|2017-01-18T12:34:44.001|2019-12-21T17:00:21.401
AM|RDF31|46.02702703|1.699857996|442.0|Raspberry Shake Citizen Science Station|2018-03-15T19:22:14.001|
AM|RE063|36.57657658|-121.9058852|145.0|Raspberry Shake Citizen Science Station|2019-06-15T10:39:44.34|2020-01-07T17:00:23.759
AM|RE063|36.57657658|-121.9058852|145.0|Raspberry Shake Citizen Science Station|2020-01-08T06:00:05.694|2020-01-10T17:00:26.053
AM|RE063|36.57657658|-121.9058852|145.0|Raspberry Shake Citizen Science Station|2020-01-12T06:57:40.156|2020-01-15T17:00:17.191
AM|RE063|36.57657658|-121.9058852|145.0|Raspberry Shake Citizen Science Station|2020-01-17T03:03:23.847|2020-01-19T17:00:27.8
AM|RE063|36.57657658|-121.9058852|145.0|Raspberry Shake Citizen Science Station|2020-01-22T02:01:47.989|2020-01-24T01:24:43.132
AM|RE063|36.58558559|-121.8779033|19.0|Raspberry Shake Citizen Science Station|2020-01-24T01:24:43.133|2020-02-04T04:11:16.527
AM|RE063|36.58558559|-121.8780613|19.0|Raspberry Shake Citizen Science Station|2020-02-04T04:11:16.528|
AM|RE0A6|47.67567568|-122.2808559|99.0|Raspberry Shake Citizen Science Station|2017-01-05T08:00:25.001|
AM|RE386|41.62162162|-82.83876223|176.0|Raspberry Shake Citizen Science Station|2019-07-09T15:12:38.023|
AM|RE4C0|48.63063063|1.826630837|169.0|Raspberry Shake Citizen Science Station|2017-11-18T21:56:45.001|2019-12-24T17:00:18.784
AM|RE4C0|48.63063063|1.826630837|169.0|Raspberry Shake Citizen Science Station|2019-12-26T19:07:28.11|
AM|RE4C9|-36.74774775|174.7272963|82.0|Raspberry Shake Citizen Science Station|2019-07-12T21:40:20.784|2019-11-26T17:00:21.277
AM|RE4C9|-36.74774775|174.7272963|82.0|Raspberry Shake Citizen Science Station|2019-11-29T05:04:10.478|
AM|RE4FA|55.9009009|-3.19832752|178.0|Raspberry Shake Citizen Science Station|2017-01-08T16:40:25.001|
AM|RE57E|38.30630631|-122.3372751|56.0|Raspberry Shake Citizen Science Station|2019-10-11T18:43:27.311|
AM|RE580|35.92792793|-94.94790037|272.0|Raspberry Shake Citizen Science Station|2018-12-11T01:24:59.001|
AM|RE6C9|51.47747748|5.425236557|17.0|Raspberry Shake Citizen Science Station|2019-03-04T15:59:01.648|2019-11-10T14:29:54.526
AM|RE6C9|51.47747748|4.281747291|1.0|Raspberry Shake Citizen Science Station|2019-11-10T14:29:54.527|
AM|RE70F|52.62162162|-1.113050435|85.0|Raspberry Shake Citizen Science Station|2018-08-03T14:24:14.001|
AM|RE72F|40.45045045|-3.694165435|730.0|Raspberry Shake Citizen Science Station|2017-05-25T08:44:21.001|2019-10-10T16:44:26.832
AM|RE72F|42.88288288|-8.545259349|252.0|Raspberry Shake Citizen Science Station|2019-10-10T16:44:26.833|
AM|RE797|34.36936937|-111.4599971|1678.23|Raspberry Shake Citizen Science Station|2016-12-06T15:33:19.001|2019-12-01T17:00:14.055
AM|RE8ED|41.3963964|-82.59234163|186.0|Raspberry Shake Citizen Science Station|2017-07-27T20:49:18.001|
AM|RE9F9|19.77477477|96.1299195|146.0|Raspberry Shake Citizen Science Station|2018-02-08T07:36:23.001|2019-10-04T17:00:13.505
AM|RE9F9|19.77477477|96.1299195|146.0|Raspberry Shake Citizen Science Station|2019-10-05T05:34:05.165|
AM|REA67|-0.1891891892|-78.47793619|2832.0|Raspberry Shake Citizen Science Station|2019-12-04T20:59:12.906|2019-12-04T22:45:23.004
AM|REA67|-0.1621621622|-78.48682509|2820.0|Raspberry Shake Citizen Science Station|2019-12-04T22:45:23.005|2019-12-07T17:00:15.596
AM|REA67|-0.1621621622|-78.48682509|2820.0|Raspberry Shake Citizen Science Station|2019-12-08T19:58:15.951|2019-12-14T17:00:20.426
AM|REA67|-0.1621621622|-78.48682509|2820.0|Raspberry Shake Citizen Science Station|2020-02-08T03:59:22.176|
AM|REAE8|33.4954955|-117.1250556|362.0|Raspberry Shake Citizen Science Station|2016-12-04T20:56:48.001|
AM|REB1F|36.3963964|-97.92009039|400.0|Raspberry Shake Citizen Science Station|2018-04-30T20:54:05.001|2019-10-19T17:00:11.335
AM|REB73|34.7027027|135.5687635|5.0|Raspberry Shake Citizen Science Station|2019-10-19T11:46:02.534|2019-11-22T17:00:23.227
AM|REB73|34.7027027|135.5687635|5.0|Raspberry Shake Citizen Science Station|2019-11-23T15:29:49.982|2019-12-03T17:00:14.978
AM|REB73|34.71171171|135.510729|7.0|Raspberry Shake Citizen Science Station|2019-12-17T02:56:27.888|2020-02-06T04:43:19.468
AM|REB73|8.972972973|-79.52316951|2.0|Raspberry Shake Citizen Science Station|2020-02-06T04:43:19.469|
AM|REBB1|44.41441441|26.0088046|90.0|Raspberry Shake Citizen Science Station|2019-09-24T08:46:46.51|2019-09-28T17:00:16.871
AM|REBB1|44.41441441|26.0088046|90.0|Raspberry Shake Citizen Science Station|2019-10-12T08:38:18.847|2019-10-18T17:00:12.013
AM|REBB1|44.41441441|26.0088046|90.0|Raspberry Shake Citizen Science Station|2019-11-04T08:51:41.91|2019-11-10T17:00:21.247
AM|REBB1|44.41441441|26.0088046|90.0|Raspberry Shake Citizen Science Station|2019-12-31T12:34:24.543|2020-01-05T17:00:19.904
AM|REC60|51.20720721|-0.3163823725|80.0|Raspberry Shake Citizen Science Station|2017-08-02T14:40:56.001|
AM|REDD6|35.23423423|-97.40219764|369.0|Raspberry Shake Citizen Science Station|2017-09-01T16:48:15.001|
AM|REE67|54.00900901|-1.548377141|81.0|Raspberry Shake Citizen Science Station|2017-01-21T10:04:39.001|2019-12-15T17:00:35.86
AM|REEAA|40.28828829|-74.62421825|35.0|Raspberry Shake Citizen Science Station|2017-10-28T04:16:35.001|
AM|REF28|55.02702703|-2.137975243|131.0|Raspberry Shake Citizen Science Station|2019-08-21T11:39:54.979|2019-10-20T17:00:13.106
AM|REF28|55.02702703|-2.137975243|131.0|Raspberry Shake Citizen Science Station|2019-10-22T21:49:35.038|2019-11-27T17:00:16.98
AM|REF28|55.02702703|-2.137975243|131.0|Raspberry Shake Citizen Science Station|2019-11-29T15:50:07.772|
AM|REF7D|61.5045045|-149.8811553|65.0|Raspberry Shake Citizen Science Station|2017-03-19T00:02:19.001|2019-12-15T00:32:35.851
AM|REF7D|61.5045045|-149.8816373|69.0|Raspberry Shake Citizen Science Station|2019-12-15T00:32:35.852|2019-12-23T00:40:58.007
AM|REF7D|61.5045045|-149.8801914|69.0|Raspberry Shake Citizen Science Station|2019-12-23T00:40:58.008|
AM|RF04D|41.36036036|-75.98492135|368.0|Raspberry Shake Citizen Science Station|2018-02-03T20:59:41.001|2019-12-17T17:00:14.604
AM|RF04D|41.36036036|-75.98492135|368.0|Raspberry Shake Citizen Science Station|2019-12-25T15:36:38.524|
AM|RF18D|40.82882883|-74.10485715|31.0|Raspberry Shake Citizen Science Station|2019-09-05T21:26:29.384|2019-12-18T17:00:19.521
AM|RF18D|40.82882883|-74.10485715|31.0|Raspberry Shake Citizen Science Station|2020-01-22T01:52:47.567|
AM|RF1CA|38.89189189|-77.02737953|40.0|Raspberry Shake Citizen Science Station|2019-06-28T16:55:01.449|
AM|RF22F|52.40540541|12.95229743|30.0|Raspberry Shake Citizen Science Station|2019-03-29T10:08:46.651|2019-11-02T09:19:06.233
AM|RF22F|52.57657658|12.98823607|30.0|Raspberry Shake Citizen Science Station|2019-11-02T09:19:06.234|
AM|RF332|37.2972973|-121.9823365|64.0|Raspberry Shake Citizen Science Station|2019-10-01T17:08:17.872|
AM|RF566|29.84684685|-96.520949|102.0|Raspberry Shake Citizen Science Station|2018-01-20T00:05:50.001|
AM|RF71E|37.36936937|-122.1095076|76.0|Raspberry Shake Citizen Science Station|2019-09-17T17:14:22.832|2019-11-29T17:00:22.641
AM|RF71E|37.36936937|-122.1095076|76.0|Raspberry Shake Citizen Science Station|2019-12-01T22:32:04.918|
AM|RF71F|49.26126126|-122.947191|400.0|Raspberry Shake Citizen Science Station|2019-08-19T00:11:47.576|
AM|RF7DC|45.42342342|-122.6727895|106.0|Raspberry Shake Citizen Science Station|2019-05-11T21:11:34.824|
AM|RF92D|59.37837838|10.43608504|30.0|Raspberry Shake Citizen Science Station|2019-08-24T08:23:43.607|
AM|RF941|55.62162162|-2.808213944|128.0|Raspberry Shake Citizen Science Station|2017-06-25T14:07:30.001|2020-01-15T17:00:19.385
AM|RFA17|50.67567568|7.066202715|164.0|Raspberry Shake Citizen Science Station|2019-05-30T17:33:19.856|2019-12-31T17:00:19.903
AM|RFA21|-36.91891892|174.917813|38.0|Raspberry Shake Citizen Science Station|2019-09-22T03:43:24.066|2019-09-30T17:00:12.053
AM|RFA21|-36.91891892|174.917813|38.0|Raspberry Shake Citizen Science Station|2019-10-04T23:25:43.264|2019-10-17T17:00:27.644
AM|RFA21|-36.91891892|174.917813|38.0|Raspberry Shake Citizen Science Station|2020-01-05T02:01:56.543|2020-01-11T17:00:23.268
AM|RFA21|-36.91891892|174.917813|38.0|Raspberry Shake Citizen Science Station|2020-01-15T02:16:31.628|2020-01-22T17:00:18.151
AM|RFA21|-36.91891892|174.917813|38.0|Raspberry Shake Citizen Science Station|2020-01-27T02:17:30.703|
AM|RFAD5|19.77477477|96.13058315|146.0|Raspberry Shake Citizen Science Station|2017-07-04T05:03:30.001|2019-10-04T17:00:15.449
AM|RFAD5|19.77477477|96.13058315|146.0|Raspberry Shake Citizen Science Station|2019-10-09T01:45:26.346|
AM|RFAE6|32.28828829|-97.12560025|199.0|Raspberry Shake Citizen Science Station|2017-03-08T19:43:19.001|2019-10-13T17:00:17.589
AM|RFAE6|32.28828829|-97.12560025|199.0|Raspberry Shake Citizen Science Station|2019-10-14T19:44:01.266|
AM|RFAED|45.4954955|-123.9499052|35.0|Raspberry Shake Citizen Science Station|2020-01-18T01:54:23.183|
AM|RFD2F|37.87387387|-122.1060489|157.0|Raspberry Shake Citizen Science Station|2016-12-04T17:45:14.001|2020-02-06T17:51:51.419
AM|RFD2F|37.87387387|-122.1058831|150.0|Raspberry Shake Citizen Science Station|2020-02-06T17:51:51.42|2020-02-06T20:14:55.606
AM|RFD2F|37.87387387|-122.1057173|143.0|Raspberry Shake Citizen Science Station|2020-02-06T20:14:55.607|2020-02-06T20:17:46.529
AM|RFD2F|37.87387387|-122.1058831|135.0|Raspberry Shake Citizen Science Station|2020-02-06T20:17:46.53|
AM|RFD6B|45.90990991|15.16361372|469.0|Raspberry Shake Citizen Science Station|2017-01-19T19:14:00.001|2020-01-10T17:00:27.539
AM|RFD6B|45.90990991|15.16361372|469.0|Raspberry Shake Citizen Science Station|2020-01-17T14:32:40.173|
AM|RFDDD|36.27927928|-97.28005364|313.0|Raspberry Shake Citizen Science Station|2018-04-30T15:19:07.001|
AM|RFE4F|32.63063063|-117.0598188|4.0|Raspberry Shake Citizen Science Station|2017-01-05T18:28:22.001|
AM|RFE6E|37.87387387|-122.1136496|135.0|Raspberry Shake Citizen Science Station|2019-04-27T22:35:12.315|2020-02-06T20:08:25.591
AM|RFE6E|37.87387387|-122.1057173|141.0|Raspberry Shake Citizen Science Station|2020-02-06T20:08:25.592|2020-02-06T20:23:44.504
AM|RFE6E|37.87387387|-122.1057173|141.0|Raspberry Shake Citizen Science Station|2020-02-06T20:23:44.505|2020-02-06T20:30:00.494
AM|RFE6E|37.87387387|-122.1058831|154.0|Raspberry Shake Citizen Science Station|2020-02-06T20:30:00.495|2020-02-06T20:43:59.464
AM|RFE6E|37.87387387|-122.1060489|123.0|Raspberry Shake Citizen Science Station|2020-02-06T20:43:59.465|2020-02-06T22:54:56.489
AM|RFE6E|37.87387387|-122.1177944|110.0|Raspberry Shake Citizen Science Station|2020-02-06T22:54:56.49|
AM|RFECD|36.22522523|-115.9711426|865.0|Raspberry Shake Citizen Science Station|2019-11-01T00:53:32.711|
AM|RFED8|23.09009009|-109.7046637|42.0|Raspberry Shake Citizen Science Station|2017-06-10T18:26:09.001|
AM|RFF8B|-27.37837838|-70.32911406|421.0|Raspberry Shake Citizen Science Station|2019-09-03T20:55:42.941|
AM|S6F5B|47.32432432|-122.2739331|126.0|Raspberry Shake Citizen Science Station|2019-05-23T23:59:13.76|2019-11-21T23:41:44.782
AM|S6F5B|47.32432432|-122.2737016|126.0|Raspberry Shake Citizen Science Station|2019-11-21T23:41:44.783|
AM|S9F83|40.45945946|-3.70614914|603.0|Raspberry Shake Citizen Science Station|2019-09-03T22:57:53.713|2019-12-30T17:00:19.209
AM|S9F83|40.45945946|-3.70614914|603.0|Raspberry Shake Citizen Science Station|2020-01-06T12:12:05.61|
